build-BlueTooth-Android/android-build/build/intermediates/manifest_merge_blame_file/debug/manifest-merger-blame-debug-report.txt
1<?xml version="1.0" encoding="utf-8"?>
2<manifest xmlns:android="http://schemas.android.com/apk/res/android"
3    package="org.qtproject.example.Lunyee2"
4    android:installLocation="auto"
5    android:versionCode="1"
6    android:versionName="1.0" >
7
8    <uses-sdk
8-->build-BlueTooth-Android\android-build\AndroidManifest.xml:3:5-73
9        android:minSdkVersion="21"
9-->build-BlueTooth-Android\android-build\AndroidManifest.xml:3:15-41
10        android:targetSdkVersion="28" />
10-->build-BlueTooth-Android\android-build\AndroidManifest.xml:3:42-71
11
12    <!--
13         The following comment will be replaced upon deployment with default permissions based on the dependencies of the application.
14         Remove the comment if you do not require these default permissions.
15    -->
16    <uses-permission android:name="android.permission.INTERNET" />
16-->build-BlueTooth-Android\android-build\AndroidManifest.xml:7:5-66
16-->build-BlueTooth-Android\android-build\AndroidManifest.xml:7:22-64
17    <uses-permission android:name="android.permission.WRITE_EXTERNAL_STORAGE" />
17-->build-BlueTooth-Android\android-build\AndroidManifest.xml:8:5-80
17-->build-BlueTooth-Android\android-build\AndroidManifest.xml:8:22-78
18    <uses-permission android:name="android.permission.BLUETOOTH" />
18-->build-BlueTooth-Android\android-build\AndroidManifest.xml:9:5-67
18-->build-BlueTooth-Android\android-build\AndroidManifest.xml:9:22-65
19    <uses-permission android:name="android.permission.BLUETOOTH_ADMIN" />
19-->build-BlueTooth-Android\android-build\AndroidManifest.xml:10:5-73
19-->build-BlueTooth-Android\android-build\AndroidManifest.xml:10:22-71
20    <uses-permission android:name="android.permission.ACCESS_FINE_LOCATION" />
20-->build-BlueTooth-Android\android-build\AndroidManifest.xml:11:5-78
20-->build-BlueTooth-Android\android-build\AndroidManifest.xml:11:22-76
21    <uses-permission android:name="android.permission.ACCESS_COARSE_LOCATION" />
21-->build-BlueTooth-Android\android-build\AndroidManifest.xml:12:5-80
21-->build-BlueTooth-Android\android-build\AndroidManifest.xml:12:22-78
22
23    <!--
24         The following comment will be replaced upon deployment with default features based on the dependencies of the application.
25         Remove the comment if you do not require these default features.
26    -->
27
28    <supports-screens
28-->build-BlueTooth-Android\android-build\AndroidManifest.xml:18:5-135
29        android:anyDensity="true"
29-->build-BlueTooth-Android\android-build\AndroidManifest.xml:18:80-105
30        android:largeScreens="true"
30-->build-BlueTooth-Android\android-build\AndroidManifest.xml:18:23-50
31        android:normalScreens="true"
31-->build-BlueTooth-Android\android-build\AndroidManifest.xml:18:51-79
32        android:smallScreens="true" />
32-->build-BlueTooth-Android\android-build\AndroidManifest.xml:18:106-133
33
34    <application
34-->build-BlueTooth-Android\android-build\AndroidManifest.xml:20:5-90:19
35        android:name="org.qtproject.qt5.android.bindings.QtApplication"
35-->build-BlueTooth-Android\android-build\AndroidManifest.xml:20:53-116
36        android:debuggable="true"
37        android:extractNativeLibs="true"
37-->build-BlueTooth-Android\android-build\AndroidManifest.xml:20:138-170
38        android:hardwareAccelerated="true"
38-->build-BlueTooth-Android\android-build\AndroidManifest.xml:20:18-52
39        android:icon="@drawable/icon"
39-->build-BlueTooth-Android\android-build\AndroidManifest.xml:20:171-200
40        android:label="蓝牙通讯" >
40-->build-BlueTooth-Android\android-build\AndroidManifest.xml:20:117-137
41        <activity
41-->build-BlueTooth-Android\android-build\AndroidManifest.xml:21:9-86:16
42            android:name="org.qtproject.qt5.android.bindings.QtActivity"
42-->build-BlueTooth-Android\android-build\AndroidManifest.xml:21:189-249
43            android:configChanges="orientation|uiMode|screenLayout|screenSize|smallestScreenSize|layoutDirection|locale|fontScale|keyboard|keyboardHidden|navigation|mcc|mnc|density"
43-->build-BlueTooth-Android\android-build\AndroidManifest.xml:21:19-188
44            android:label="蓝牙通讯"
44-->build-BlueTooth-Android\android-build\AndroidManifest.xml:21:250-270
45            android:launchMode="singleTop"
45-->build-BlueTooth-Android\android-build\AndroidManifest.xml:21:311-341
46            android:screenOrientation="unspecified" >
46-->build-BlueTooth-Android\android-build\AndroidManifest.xml:21:271-310
47            <intent-filter>
47-->build-BlueTooth-Android\android-build\AndroidManifest.xml:22:13-25:29
48                <action android:name="android.intent.action.MAIN" />
48-->build-BlueTooth-Android\android-build\AndroidManifest.xml:23:17-68
48-->build-BlueTooth-Android\android-build\AndroidManifest.xml:23:25-66
49
50                <category android:name="android.intent.category.LAUNCHER" />
50-->build-BlueTooth-Android\android-build\AndroidManifest.xml:24:17-76
50-->build-BlueTooth-Android\android-build\AndroidManifest.xml:24:27-74
51            </intent-filter>
52
53            <!-- Application arguments -->
54            <!-- meta-data android:name="android.app.arguments" android:value="arg1 arg2 arg3"/ -->
55            <!-- Application arguments -->
56
57            <meta-data
57-->build-BlueTooth-Android\android-build\AndroidManifest.xml:31:13-87
58                android:name="android.app.lib_name"
58-->build-BlueTooth-Android\android-build\AndroidManifest.xml:31:24-59
59                android:value="BlueTooth" />
59-->build-BlueTooth-Android\android-build\AndroidManifest.xml:31:60-85
60            <meta-data
60-->build-BlueTooth-Android\android-build\AndroidManifest.xml:32:13-112
61                android:name="android.app.qt_sources_resource_id"
61-->build-BlueTooth-Android\android-build\AndroidManifest.xml:32:24-73
62                android:resource="@array/qt_sources" />
62-->build-BlueTooth-Android\android-build\AndroidManifest.xml:32:74-110
63            <meta-data
63-->build-BlueTooth-Android\android-build\AndroidManifest.xml:33:13-87
64                android:name="android.app.repository"
64-->build-BlueTooth-Android\android-build\AndroidManifest.xml:33:24-61
65                android:value="default" />
65-->build-BlueTooth-Android\android-build\AndroidManifest.xml:33:62-85
66            <meta-data
66-->build-BlueTooth-Android\android-build\AndroidManifest.xml:34:13-106
67                android:name="android.app.qt_libs_resource_id"
67-->build-BlueTooth-Android\android-build\AndroidManifest.xml:34:24-70
68                android:resource="@array/qt_libs" />
68-->build-BlueTooth-Android\android-build\AndroidManifest.xml:34:71-104
69            <meta-data
69-->build-BlueTooth-Android\android-build\AndroidManifest.xml:35:13-116
70                android:name="android.app.bundled_libs_resource_id"
70-->build-BlueTooth-Android\android-build\AndroidManifest.xml:35:24-75
71                android:resource="@array/bundled_libs" />
71-->build-BlueTooth-Android\android-build\AndroidManifest.xml:35:76-114
72            <!-- Deploy Qt libs as part of package -->
73            <meta-data
73-->build-BlueTooth-Android\android-build\AndroidManifest.xml:37:13-91
74                android:name="android.app.bundle_local_qt_libs"
74-->build-BlueTooth-Android\android-build\AndroidManifest.xml:37:24-71
75                android:value="1" />
75-->build-BlueTooth-Android\android-build\AndroidManifest.xml:37:72-89
76
77            <!-- Run with local libs -->
78            <meta-data
78-->build-BlueTooth-Android\android-build\AndroidManifest.xml:40:13-88
79                android:name="android.app.use_local_qt_libs"
79-->build-BlueTooth-Android\android-build\AndroidManifest.xml:40:24-68
80                android:value="1" />
80-->build-BlueTooth-Android\android-build\AndroidManifest.xml:40:69-86
81            <meta-data
81-->build-BlueTooth-Android\android-build\AndroidManifest.xml:41:13-100
82                android:name="android.app.libs_prefix"
82-->build-BlueTooth-Android\android-build\AndroidManifest.xml:41:24-62
83                android:value="/data/local/tmp/qt/" />
83-->build-BlueTooth-Android\android-build\AndroidManifest.xml:41:63-98
84            <meta-data
84-->build-BlueTooth-Android\android-build\AndroidManifest.xml:42:13-122
85                android:name="android.app.load_local_libs_resource_id"
85-->build-BlueTooth-Android\android-build\AndroidManifest.xml:42:24-78
86                android:resource="@array/load_local_libs" />
86-->build-BlueTooth-Android\android-build\AndroidManifest.xml:42:79-120
87            <meta-data
87-->build-BlueTooth-Android\android-build\AndroidManifest.xml:43:13-153
88                android:name="android.app.load_local_jars"
88-->build-BlueTooth-Android\android-build\AndroidManifest.xml:43:24-66
89                android:value="jar/QtAndroid.jar:jar/QtAndroidExtras.jar:jar/QtAndroidBluetooth.jar" />
89-->build-BlueTooth-Android\android-build\AndroidManifest.xml:43:67-151
90            <meta-data
90-->build-BlueTooth-Android\android-build\AndroidManifest.xml:44:13-153
91                android:name="android.app.static_init_classes"
91-->build-BlueTooth-Android\android-build\AndroidManifest.xml:44:24-70
92                android:value="org.qtproject.qt5.android.bluetooth.QtBluetoothBroadcastReceiver" />
92-->build-BlueTooth-Android\android-build\AndroidManifest.xml:44:71-151
93            <!-- Used to specify custom system library path to run with local system libs -->
94            <!-- <meta-data android:name="android.app.system_libs_prefix" android:value="/system/lib/"/> -->
95            <!-- Messages maps -->
96            <meta-data
96-->build-BlueTooth-Android\android-build\AndroidManifest.xml:48:13-122
97                android:name="android.app.ministro_not_found_msg"
97-->build-BlueTooth-Android\android-build\AndroidManifest.xml:48:71-120
98                android:value="@string/ministro_not_found_msg" />
98-->build-BlueTooth-Android\android-build\AndroidManifest.xml:48:24-70
99            <meta-data
99-->build-BlueTooth-Android\android-build\AndroidManifest.xml:49:13-116
100                android:name="android.app.ministro_needed_msg"
100-->build-BlueTooth-Android\android-build\AndroidManifest.xml:49:68-114
101                android:value="@string/ministro_needed_msg" />
101-->build-BlueTooth-Android\android-build\AndroidManifest.xml:49:24-67
102            <meta-data
102-->build-BlueTooth-Android\android-build\AndroidManifest.xml:50:13-108
103                android:name="android.app.fatal_error_msg"
103-->build-BlueTooth-Android\android-build\AndroidManifest.xml:50:64-106
104                android:value="@string/fatal_error_msg" />
104-->build-BlueTooth-Android\android-build\AndroidManifest.xml:50:24-63
105            <meta-data
105-->build-BlueTooth-Android\android-build\AndroidManifest.xml:51:13-132
106                android:name="android.app.unsupported_android_version"
106-->build-BlueTooth-Android\android-build\AndroidManifest.xml:51:76-130
107                android:value="@string/unsupported_android_version" />
107-->build-BlueTooth-Android\android-build\AndroidManifest.xml:51:24-75
108            <!-- Messages maps -->
109
110
111            <!-- Splash screen -->
112            <!--
113                 Orientation-specific (portrait/landscape) data is checked first. If not available for current orientation,
114                 then android.app.splash_screen_drawable. For best results, use together with splash_screen_sticky and
115                 use hideSplashScreen() with a fade-out animation from Qt Android Extras to hide the splash screen when you
116                 are done populating your window with content.
117            -->
118            <!-- meta-data android:name="android.app.splash_screen_drawable_portrait" android:resource="@drawable/logo_portrait" / -->
119            <!-- meta-data android:name="android.app.splash_screen_drawable_landscape" android:resource="@drawable/logo_landscape" / -->
120            <!-- meta-data android:name="android.app.splash_screen_drawable" android:resource="@drawable/logo"/ -->
121            <!-- meta-data android:name="android.app.splash_screen_sticky" android:value="true"/ -->
122            <!-- Splash screen -->
123
124
125            <!-- Background running -->
126            <!--
127                 Warning: changing this value to true may cause unexpected crashes if the
128                          application still try to draw after
129                          "applicationStateChanged(Qt::ApplicationSuspended)"
130                          signal is sent!
131            -->
132            <meta-data
132-->build-BlueTooth-Android\android-build\AndroidManifest.xml:70:13-93
133                android:name="android.app.background_running"
133-->build-BlueTooth-Android\android-build\AndroidManifest.xml:70:24-69
134                android:value="false" />
134-->build-BlueTooth-Android\android-build\AndroidManifest.xml:70:70-91
135            <!-- Background running -->
136
137
138            <!-- auto screen scale factor -->
139            <meta-data
139-->build-BlueTooth-Android\android-build\AndroidManifest.xml:74:13-99
140                android:name="android.app.auto_screen_scale_factor"
140-->build-BlueTooth-Android\android-build\AndroidManifest.xml:74:24-75
141                android:value="false" />
141-->build-BlueTooth-Android\android-build\AndroidManifest.xml:74:76-97
142            <!-- auto screen scale factor -->
143
144
145            <!-- extract android style -->
146            <!--
147                 available android:values :
148                * default - In most cases this will be the same as "full", but it can also be something else if needed, e.g., for compatibility reasons
149                * full - useful QWidget & Quick Controls 1 apps
150                * minimal - useful for Quick Controls 2 apps, it is much faster than "full"
151                * none - useful for apps that don't use any of the above Qt modules
152            -->
153            <meta-data
153-->build-BlueTooth-Android\android-build\AndroidManifest.xml:84:13-98
154                android:name="android.app.extract_android_style"
154-->build-BlueTooth-Android\android-build\AndroidManifest.xml:84:24-72
155                android:value="default" />
155-->build-BlueTooth-Android\android-build\AndroidManifest.xml:84:73-96
156            <!-- extract android style -->
157        </activity>
158
159        <!-- For adding service(s) please check: https://wiki.qt.io/AndroidServices -->
160
161    </application>
162
163</manifest>